<?xml version="1.0" encoding="UTF-8"?>
<!-- Generated by org.testng.reporters.JUnitReportReporter -->
<testsuite hostname="DESKTOP-B9KJEIH" failures="0" tests="1" name="com.SauceDemo.TestClass.TC05_VerifyDropDownFunctionality" time="35.217" errors="0" timestamp="2023-09-09T12:57:41 IST" skipped="0">
  <testcase classname="com.SauceDemo.TestClass.TC05_VerifyDropDownFunctionality" name="verifyDropDownFunctionality" time="35.217"/>
  <system-out/>
</testsuite> <!-- com.SauceDemo.TestClass.TC05_VerifyDropDownFunctionality -->
