<?xml version="1.0" encoding="UTF-8"?>
<!-- Generated by org.testng.reporters.JUnitReportReporter -->
<testsuite hostname="DESKTOP-B9KJEIH" failures="0" tests="1" name="com.SauceDemo.TestClass.TC01_VerifyLoginFunctionality" time="6.494" errors="0" timestamp="2023-09-11T14:10:31 IST" skipped="0">
  <testcase classname="com.SauceDemo.TestClass.TC01_VerifyLoginFunctionality" name="verifyLoginFunctionality" time="6.494"/>
  <system-out/>
</testsuite> <!-- com.SauceDemo.TestClass.TC01_VerifyLoginFunctionality -->
