<?xml version="1.0" encoding="UTF-8"?>
<!-- Generated by org.testng.reporters.JUnitReportReporter -->
<testsuite hostname="DESKTOP-B9KJEIH" failures="0" tests="1" name="com.SauceDemo.TestClass.TC03_VerifyBagProductFunctionality" time="5.071" errors="0" timestamp="2023-08-25T23:32:43 IST" skipped="0">
  <testcase classname="com.SauceDemo.TestClass.TC03_VerifyBagProductFunctionality" name="verifyBagProductFunctionality" time="5.071"/>
  <system-out/>
</testsuite> <!-- com.SauceDemo.TestClass.TC03_VerifyBagProductFunctionality -->
