<?xml version="1.0" encoding="UTF-8"?>
<!-- Generated by org.testng.reporters.JUnitReportReporter -->
<testsuite hostname="DESKTOP-B9KJEIH" failures="0" tests="1" name="com.SauceDemo.TestClass.TC04_VerifyAllProductFunctionality" time="7.515" errors="0" timestamp="2023-09-11T14:10:31 IST" skipped="0">
  <testcase classname="com.SauceDemo.TestClass.TC04_VerifyAllProductFunctionality" name="verifyAllProductFunctionality" time="7.515"/>
  <system-out/>
</testsuite> <!-- com.SauceDemo.TestClass.TC04_VerifyAllProductFunctionality -->
