<?xml version="1.0" encoding="UTF-8"?>
<!-- Generated by org.testng.reporters.JUnitReportReporter -->
<testsuite hostname="DESKTOP-B9KJEIH" failures="0" tests="1" name="com.SauceDemo.TestClass.TC02_VerifyLogOutFunctionality" time="6.889" errors="0" timestamp="2023-08-24T21:07:49 IST" skipped="0">
  <testcase classname="com.SauceDemo.TestClass.TC02_VerifyLogOutFunctionality" name="verifyLOgOutFunctionality" time="6.889"/>
  <system-out/>
</testsuite> <!-- com.SauceDemo.TestClass.TC02_VerifyLogOutFunctionality -->
